Using pre-set license
Built from '2020.3/release' branch; Version is '2020.3.7f1 (dd97f2c94397) revision 14522354'; Using compiler version '192528614'; Build Type 'Release'
OS: 'Windows 10 Home; OS build 19041.1052; Version 2004; 64bit' Language: 'en' Physical Memory: 16181 MB
BatchMode: 1, IsHumanControllingUs: 0, StartBugReporterOnCrash: 0, Is64bit: 1, IsPro: 0

 COMMAND LINE ARGUMENTS:
C:\unity\2020.3.7f1\Editor\Unity.exe
-adb2
-batchMode
-noUpm
-name
AssetImportWorker0
-projectPath
C:/youtubeDownloader/YoutubeViewer
-logFile
Logs/AssetImportWorker0.log
-srvPort
53308
Successfully changed project path to: C:/youtubeDownloader/YoutubeViewer
C:/youtubeDownloader/YoutubeViewer
Using Asset Import Pipeline V2.
Refreshing native plugins compatible for Editor in 22.35 ms, found 0 plugins.
Preloading 0 native plugins for Editor in 0.00 ms.
Initialize engine version: 2020.3.7f1 (dd97f2c94397)
[Subsystems] Discovering subsystems at path C:/unity/2020.3.7f1/Editor/Data/Resources/UnitySubsystems
[Subsystems] Discovering subsystems at path C:/youtubeDownloader/YoutubeViewer/Assets
GfxDevice: creating device client; threaded=0
Direct3D:
    Version:  Direct3D 11.0 [level 11.1]
    Renderer: NVIDIA GeForce MX250 (ID=0x1d52)
    Vendor:   
    VRAM:     1983 MB
    Driver:   27.21.14.6231
Initialize mono
Mono path[0] = 'C:/unity/2020.3.7f1/Editor/Data/Managed'
Mono path[1] = 'C:/unity/2020.3.7f1/Editor/Data/MonoBleedingEdge/lib/mono/unityjit'
Mono config path = 'C:/unity/2020.3.7f1/Editor/Data/MonoBleedingEdge/etc'
Using monoOptions --debugger-agent=transport=dt_socket,embedding=1,server=y,suspend=n,address=127.0.0.1:56636
Begin MonoManager ReloadAssembly
Registering precompiled unity dll's ...
Register platform support module: C:/unity/2020.3.7f1/Editor/Data/PlaybackEngines/WindowsStandaloneSupport/UnityEditor.WindowsStandalone.Extensions.dll
Registered in 0.002254 seconds.
Native extension for WindowsStandalone target not found
Refreshing native plugins compatible for Editor in 20.79 ms, found 0 plugins.
Preloading 0 native plugins for Editor in 0.00 ms.
Mono: successfully reloaded assembly
- Completed reload, in  1.688 seconds
Platform modules already initialized, skipping
Registering precompiled user dll's ...
Registered in 0.002221 seconds.
Begin MonoManager ReloadAssembly
Native extension for WindowsStandalone target not found
Refreshing native plugins compatible for Editor in 0.26 ms, found 0 plugins.
Preloading 0 native plugins for Editor in 0.00 ms.
Mono: successfully reloaded assembly
- Completed reload, in  0.857 seconds
Platform modules already initialized, skipping
========================================================================
Worker process is ready to serve import requests
Launched and connected shader compiler UnityShaderCompiler.exe after 0.04 seconds
Refreshing native plugins compatible for Editor in 0.39 ms, found 0 plugins.
Preloading 0 native plugins for Editor in 0.00 ms.
Unloading 1137 Unused Serialized files (Serialized files now loaded: 0)
System memory in use before: 58.1 MB.
System memory in use after: 58.1 MB.

Unloading 13 unused Assets to reduce memory usage. Loaded Objects now: 1579.
Total: 2.031900 ms (FindLiveObjects: 0.275400 ms CreateObjectMapping: 0.088900 ms MarkObjects: 1.562300 ms  DeleteObjects: 0.103800 ms)

========================================================================
Received Import Request.
  path: Packages/com.ibicha.youtube-player/Runtime/YoutubePlayer.cs
  artifactKey: Guid(3768fe280903842fdaa2a016022624f1) Importer(815301076,1909f56bfc062723c751e8b465ee728b)
Start importing Packages/com.ibicha.youtube-player/Runtime/YoutubePlayer.cs using Guid(3768fe280903842fdaa2a016022624f1) Importer(815301076,1909f56bfc062723c751e8b465ee728b)  -> (artifact id: 'ec6fd9498a1f994340e3d39a92fbf065') in 0.043548 seconds
  Import took 0.047033 seconds .

========================================================================
Received Import Request.
  Time since last request: 52.761260 seconds.
  path: Packages/com.ibicha.youtube-player/Runtime/YoutubePlayer.cs
  artifactKey: Guid(3768fe280903842fdaa2a016022624f1) Importer(815301076,1909f56bfc062723c751e8b465ee728b)
Start importing Packages/com.ibicha.youtube-player/Runtime/YoutubePlayer.cs using Guid(3768fe280903842fdaa2a016022624f1) Importer(815301076,1909f56bfc062723c751e8b465ee728b)  -> (artifact id: '12a3a59111d7cf077195534d9f65b4dc') in 0.003981 seconds
  Import took 0.006397 seconds .

========================================================================
Received Import Request.
  Time since last request: 8.341116 seconds.
  path: Packages/com.ibicha.youtube-player/Runtime/YoutubePlayer.cs
  artifactKey: Guid(3768fe280903842fdaa2a016022624f1) Importer(815301076,1909f56bfc062723c751e8b465ee728b)
Start importing Packages/com.ibicha.youtube-player/Runtime/YoutubePlayer.cs using Guid(3768fe280903842fdaa2a016022624f1) Importer(815301076,1909f56bfc062723c751e8b465ee728b)  -> (artifact id: '7c2186751858612f73e04b6ac787110c') in 0.003481 seconds
  Import took 0.005896 seconds .

========================================================================
Received Prepare
Registering precompiled user dll's ...
Registered in 0.002484 seconds.
Begin MonoManager ReloadAssembly
Native extension for WindowsStandalone target not found
Refreshing native plugins compatible for Editor in 0.28 ms, found 0 plugins.
Preloading 0 native plugins for Editor in 0.00 ms.
Mono: successfully reloaded assembly
- Completed reload, in  0.799 seconds
Platform modules already initialized, skipping
Refreshing native plugins compatible for Editor in 0.31 ms, found 0 plugins.
Preloading 0 native plugins for Editor in 0.00 ms.
Unloading 1132 Unused Serialized files (Serialized files now loaded: 0)
System memory in use before: 58.0 MB.
System memory in use after: 58.1 MB.

Unloading 8 unused Assets to reduce memory usage. Loaded Objects now: 1582.
Total: 2.260600 ms (FindLiveObjects: 0.201800 ms CreateObjectMapping: 0.081100 ms MarkObjects: 1.901200 ms  DeleteObjects: 0.074900 ms)

========================================================================
Received Prepare
Registering precompiled user dll's ...
Registered in 0.003297 seconds.
Begin MonoManager ReloadAssembly
Native extension for WindowsStandalone target not found
Refreshing native plugins compatible for Editor in 0.25 ms, found 0 plugins.
Preloading 0 native plugins for Editor in 0.00 ms.
Mono: successfully reloaded assembly
- Completed reload, in  1.003 seconds
Platform modules already initialized, skipping
Refreshing native plugins compatible for Editor in 0.26 ms, found 0 plugins.
Preloading 0 native plugins for Editor in 0.00 ms.
Unloading 1132 Unused Serialized files (Serialized files now loaded: 0)
System memory in use before: 58.1 MB.
System memory in use after: 58.1 MB.

Unloading 8 unused Assets to reduce memory usage. Loaded Objects now: 1585.
Total: 1.562100 ms (FindLiveObjects: 0.157100 ms CreateObjectMapping: 0.032900 ms MarkObjects: 1.302000 ms  DeleteObjects: 0.069100 ms)

========================================================================
Received Import Request.
  Time since last request: 84.953945 seconds.
  path: Packages/com.ibicha.youtube-player/Runtime/YoutubePlayer.cs
  artifactKey: Guid(3768fe280903842fdaa2a016022624f1) Importer(815301076,1909f56bfc062723c751e8b465ee728b)
Start importing Packages/com.ibicha.youtube-player/Runtime/YoutubePlayer.cs using Guid(3768fe280903842fdaa2a016022624f1) Importer(815301076,1909f56bfc062723c751e8b465ee728b)  -> (artifact id: 'e9ce5e518a77508c7369f9b0c31325b7') in 0.010164 seconds
  Import took 0.012316 seconds .

========================================================================
Received Prepare
Registering precompiled user dll's ...
Registered in 0.002906 seconds.
Begin MonoManager ReloadAssembly
Native extension for WindowsStandalone target not found
Refreshing native plugins compatible for Editor in 0.45 ms, found 0 plugins.
Preloading 0 native plugins for Editor in 0.00 ms.
Mono: successfully reloaded assembly
- Completed reload, in  0.782 seconds
Platform modules already initialized, skipping
Refreshing native plugins compatible for Editor in 0.40 ms, found 0 plugins.
Preloading 0 native plugins for Editor in 0.00 ms.
Unloading 1132 Unused Serialized files (Serialized files now loaded: 0)
System memory in use before: 58.1 MB.
System memory in use after: 58.1 MB.

Unloading 8 unused Assets to reduce memory usage. Loaded Objects now: 1588.
Total: 2.094000 ms (FindLiveObjects: 0.319800 ms CreateObjectMapping: 0.048800 ms MarkObjects: 1.635400 ms  DeleteObjects: 0.086600 ms)

========================================================================
Received Prepare
Registering precompiled user dll's ...
Registered in 0.003973 seconds.
Begin MonoManager ReloadAssembly
Native extension for WindowsStandalone target not found
Refreshing native plugins compatible for Editor in 0.25 ms, found 0 plugins.
Preloading 0 native plugins for Editor in 0.00 ms.
Mono: successfully reloaded assembly
- Completed reload, in  0.775 seconds
Platform modules already initialized, skipping
Refreshing native plugins compatible for Editor in 0.28 ms, found 0 plugins.
Preloading 0 native plugins for Editor in 0.00 ms.
Unloading 1132 Unused Serialized files (Serialized files now loaded: 0)
System memory in use before: 58.1 MB.
System memory in use after: 58.1 MB.

Unloading 8 unused Assets to reduce memory usage. Loaded Objects now: 1591.
Total: 2.388300 ms (FindLiveObjects: 0.247900 ms CreateObjectMapping: 0.108600 ms MarkObjects: 1.970100 ms  DeleteObjects: 0.060000 ms)

========================================================================
Received Prepare
Registering precompiled user dll's ...
Registered in 0.002436 seconds.
Begin MonoManager ReloadAssembly
Native extension for WindowsStandalone target not found
Refreshing native plugins compatible for Editor in 0.41 ms, found 0 plugins.
Preloading 0 native plugins for Editor in 0.00 ms.
Mono: successfully reloaded assembly
- Completed reload, in  0.838 seconds
Platform modules already initialized, skipping
Refreshing native plugins compatible for Editor in 0.29 ms, found 0 plugins.
Preloading 0 native plugins for Editor in 0.00 ms.
Unloading 1132 Unused Serialized files (Serialized files now loaded: 0)
System memory in use before: 58.1 MB.
System memory in use after: 58.2 MB.

Unloading 8 unused Assets to reduce memory usage. Loaded Objects now: 1594.
Total: 1.733100 ms (FindLiveObjects: 0.225000 ms CreateObjectMapping: 0.036500 ms MarkObjects: 1.396900 ms  DeleteObjects: 0.073500 ms)

========================================================================
Received Prepare
Registering precompiled user dll's ...
Registered in 0.002017 seconds.
Begin MonoManager ReloadAssembly
Native extension for WindowsStandalone target not found
Refreshing native plugins compatible for Editor in 0.21 ms, found 0 plugins.
Preloading 0 native plugins for Editor in 0.00 ms.
Mono: successfully reloaded assembly
- Completed reload, in  0.797 seconds
Platform modules already initialized, skipping
Refreshing native plugins compatible for Editor in 0.24 ms, found 0 plugins.
Preloading 0 native plugins for Editor in 0.00 ms.
Unloading 1132 Unused Serialized files (Serialized files now loaded: 0)
System memory in use before: 58.1 MB.
System memory in use after: 58.2 MB.

Unloading 8 unused Assets to reduce memory usage. Loaded Objects now: 1597.
Total: 1.861000 ms (FindLiveObjects: 0.170400 ms CreateObjectMapping: 0.048500 ms MarkObjects: 1.550700 ms  DeleteObjects: 0.090300 ms)

========================================================================
Received Prepare
Registering precompiled user dll's ...
Registered in 0.002864 seconds.
Begin MonoManager ReloadAssembly
Native extension for WindowsStandalone target not found
Refreshing native plugins compatible for Editor in 0.25 ms, found 0 plugins.
Preloading 0 native plugins for Editor in 0.00 ms.
Mono: successfully reloaded assembly
- Completed reload, in  0.876 seconds
Platform modules already initialized, skipping
Refreshing native plugins compatible for Editor in 0.29 ms, found 0 plugins.
Preloading 0 native plugins for Editor in 0.00 ms.
Unloading 1132 Unused Serialized files (Serialized files now loaded: 0)
System memory in use before: 58.1 MB.
System memory in use after: 58.2 MB.

Unloading 8 unused Assets to reduce memory usage. Loaded Objects now: 1600.
Total: 5.541900 ms (FindLiveObjects: 0.527500 ms CreateObjectMapping: 0.141000 ms MarkObjects: 4.742600 ms  DeleteObjects: 0.114700 ms)

========================================================================
Received Prepare
Registering precompiled user dll's ...
Registered in 0.002097 seconds.
Begin MonoManager ReloadAssembly
Native extension for WindowsStandalone target not found
Refreshing native plugins compatible for Editor in 0.39 ms, found 0 plugins.
Preloading 0 native plugins for Editor in 0.00 ms.
Mono: successfully reloaded assembly
- Completed reload, in  0.843 seconds
Platform modules already initialized, skipping
Refreshing native plugins compatible for Editor in 0.26 ms, found 0 plugins.
Preloading 0 native plugins for Editor in 0.00 ms.
Unloading 1132 Unused Serialized files (Serialized files now loaded: 0)
System memory in use before: 58.1 MB.
System memory in use after: 58.2 MB.

Unloading 8 unused Assets to reduce memory usage. Loaded Objects now: 1603.
Total: 5.373600 ms (FindLiveObjects: 0.475800 ms CreateObjectMapping: 0.133100 ms MarkObjects: 4.661100 ms  DeleteObjects: 0.100700 ms)

========================================================================
Received Prepare
Registering precompiled user dll's ...
Registered in 0.004034 seconds.
Begin MonoManager ReloadAssembly
Native extension for WindowsStandalone target not found
Refreshing native plugins compatible for Editor in 0.29 ms, found 0 plugins.
Preloading 0 native plugins for Editor in 0.00 ms.
Mono: successfully reloaded assembly
- Completed reload, in  1.171 seconds
Platform modules already initialized, skipping
Refreshing native plugins compatible for Editor in 0.38 ms, found 0 plugins.
Preloading 0 native plugins for Editor in 0.00 ms.
Unloading 1132 Unused Serialized files (Serialized files now loaded: 0)
System memory in use before: 58.1 MB.
System memory in use after: 58.2 MB.

Unloading 8 unused Assets to reduce memory usage. Loaded Objects now: 1606.
Total: 1.913800 ms (FindLiveObjects: 0.218400 ms CreateObjectMapping: 0.067900 ms MarkObjects: 1.567400 ms  DeleteObjects: 0.058200 ms)

========================================================================
Received Prepare
Registering precompiled user dll's ...
Registered in 0.002157 seconds.
Begin MonoManager ReloadAssembly
Native extension for WindowsStandalone target not found
Refreshing native plugins compatible for Editor in 0.28 ms, found 0 plugins.
Preloading 0 native plugins for Editor in 0.00 ms.
Mono: successfully reloaded assembly
- Completed reload, in  0.840 seconds
Platform modules already initialized, skipping
Refreshing native plugins compatible for Editor in 0.29 ms, found 0 plugins.
Preloading 0 native plugins for Editor in 0.00 ms.
Unloading 1132 Unused Serialized files (Serialized files now loaded: 0)
System memory in use before: 58.1 MB.
System memory in use after: 58.2 MB.

Unloading 8 unused Assets to reduce memory usage. Loaded Objects now: 1609.
Total: 1.828800 ms (FindLiveObjects: 0.208900 ms CreateObjectMapping: 0.049000 ms MarkObjects: 1.488300 ms  DeleteObjects: 0.081600 ms)

========================================================================
Received Import Request.
  Time since last request: 528.335067 seconds.
  path: Assets/YoutubePlayer/Scripts/pauseplay.cs
  artifactKey: Guid(e4bcc822084843d42ab6ae6b782dea8c) Importer(815301076,1909f56bfc062723c751e8b465ee728b)
Start importing Assets/YoutubePlayer/Scripts/pauseplay.cs using Guid(e4bcc822084843d42ab6ae6b782dea8c) Importer(815301076,1909f56bfc062723c751e8b465ee728b)  -> (artifact id: '0fffaec54de6b2146f6f9908ee222b7e') in 0.011525 seconds
  Import took 0.013974 seconds .

========================================================================
Received Prepare
Registering precompiled user dll's ...
Registered in 0.004032 seconds.
Begin MonoManager ReloadAssembly
Native extension for WindowsStandalone target not found
Refreshing native plugins compatible for Editor in 0.25 ms, found 0 plugins.
Preloading 0 native plugins for Editor in 0.00 ms.
Mono: successfully reloaded assembly
- Completed reload, in  0.818 seconds
Platform modules already initialized, skipping
Refreshing native plugins compatible for Editor in 0.25 ms, found 0 plugins.
Preloading 0 native plugins for Editor in 0.00 ms.
Unloading 1132 Unused Serialized files (Serialized files now loaded: 0)
System memory in use before: 58.1 MB.
System memory in use after: 58.2 MB.

Unloading 8 unused Assets to reduce memory usage. Loaded Objects now: 1612.
Total: 1.742400 ms (FindLiveObjects: 0.182100 ms CreateObjectMapping: 0.043400 ms MarkObjects: 1.447400 ms  DeleteObjects: 0.068500 ms)

========================================================================
Received Import Request.
  Time since last request: 28.352619 seconds.
  path: Assets/YoutubePlayer/Scripts/pauseplay.cs
  artifactKey: Guid(e4bcc822084843d42ab6ae6b782dea8c) Importer(815301076,1909f56bfc062723c751e8b465ee728b)
Start importing Assets/YoutubePlayer/Scripts/pauseplay.cs using Guid(e4bcc822084843d42ab6ae6b782dea8c) Importer(815301076,1909f56bfc062723c751e8b465ee728b)  -> (artifact id: '3a068efe4853145dd91ed9dc23f5a12c') in 0.013829 seconds
  Import took 0.017087 seconds .

========================================================================
Received Prepare
Registering precompiled user dll's ...
Registered in 0.002883 seconds.
Begin MonoManager ReloadAssembly
Native extension for WindowsStandalone target not found
Refreshing native plugins compatible for Editor in 0.43 ms, found 0 plugins.
Preloading 0 native plugins for Editor in 0.00 ms.
Mono: successfully reloaded assembly
- Completed reload, in  1.501 seconds
Platform modules already initialized, skipping
Refreshing native plugins compatible for Editor in 0.25 ms, found 0 plugins.
Preloading 0 native plugins for Editor in 0.00 ms.
Unloading 1132 Unused Serialized files (Serialized files now loaded: 0)
System memory in use before: 58.1 MB.
System memory in use after: 58.2 MB.

Unloading 8 unused Assets to reduce memory usage. Loaded Objects now: 1615.
Total: 2.017300 ms (FindLiveObjects: 0.307200 ms CreateObjectMapping: 0.076200 ms MarkObjects: 1.574700 ms  DeleteObjects: 0.057100 ms)

========================================================================
Received Prepare
Refreshing native plugins compatible for Editor in 1.54 ms, found 0 plugins.
Preloading 0 native plugins for Editor in 0.00 ms.
Unloading 6 Unused Serialized files (Serialized files now loaded: 0)
System memory in use before: 35.8 MB.
System memory in use after: 35.9 MB.

Unloading 6 unused Assets to reduce memory usage. Loaded Objects now: 1615.
Total: 4.890200 ms (FindLiveObjects: 0.422900 ms CreateObjectMapping: 0.174200 ms MarkObjects: 4.116700 ms  DeleteObjects: 0.172900 ms)

AssetImportWorkerClient::OnTransportError - code=2 error=End of file
