Using pre-set license
Built from '2020.3/release' branch; Version is '2020.3.7f1 (dd97f2c94397) revision 14522354'; Using compiler version '192528614'; Build Type 'Release'
OS: 'Windows 10 Home; OS build 19041.1052; Version 2004; 64bit' Language: 'en' Physical Memory: 16181 MB
BatchMode: 1, IsHumanControllingUs: 0, StartBugReporterOnCrash: 0, Is64bit: 1, IsPro: 0

 COMMAND LINE ARGUMENTS:
C:\unity\2020.3.7f1\Editor\Unity.exe
-adb2
-batchMode
-noUpm
-name
AssetImportWorker0
-projectPath
C:/youtubeDownloader/YoutubeDownloader
-logFile
Logs/AssetImportWorker0.log
-srvPort
63654
Successfully changed project path to: C:/youtubeDownloader/YoutubeDownloader
C:/youtubeDownloader/YoutubeDownloader
Using Asset Import Pipeline V2.
Refreshing native plugins compatible for Editor in 28.79 ms, found 0 plugins.
Preloading 0 native plugins for Editor in 0.00 ms.
Initialize engine version: 2020.3.7f1 (dd97f2c94397)
[Subsystems] Discovering subsystems at path C:/unity/2020.3.7f1/Editor/Data/Resources/UnitySubsystems
[Subsystems] Discovering subsystems at path C:/youtubeDownloader/YoutubeDownloader/Assets
GfxDevice: creating device client; threaded=0
Direct3D:
    Version:  Direct3D 11.0 [level 11.1]
    Renderer: NVIDIA GeForce MX250 (ID=0x1d52)
    Vendor:   
    VRAM:     1983 MB
    Driver:   27.21.14.6231
Initialize mono
Mono path[0] = 'C:/unity/2020.3.7f1/Editor/Data/Managed'
Mono path[1] = 'C:/unity/2020.3.7f1/Editor/Data/MonoBleedingEdge/lib/mono/unityjit'
Mono config path = 'C:/unity/2020.3.7f1/Editor/Data/MonoBleedingEdge/etc'
Using monoOptions --debugger-agent=transport=dt_socket,embedding=1,server=y,suspend=n,address=127.0.0.1:56708
Begin MonoManager ReloadAssembly
Registering precompiled unity dll's ...
Register platform support module: C:/unity/2020.3.7f1/Editor/Data/PlaybackEngines/WindowsStandaloneSupport/UnityEditor.WindowsStandalone.Extensions.dll
Registered in 0.002165 seconds.
Native extension for WindowsStandalone target not found
Refreshing native plugins compatible for Editor in 28.63 ms, found 0 plugins.
Preloading 0 native plugins for Editor in 0.00 ms.
Mono: successfully reloaded assembly
- Completed reload, in  2.171 seconds
Platform modules already initialized, skipping
Registering precompiled user dll's ...
Registered in 0.002337 seconds.
Begin MonoManager ReloadAssembly
Native extension for WindowsStandalone target not found
Refreshing native plugins compatible for Editor in 0.27 ms, found 0 plugins.
Preloading 0 native plugins for Editor in 0.00 ms.
Mono: successfully reloaded assembly
- Completed reload, in  0.976 seconds
Platform modules already initialized, skipping
========================================================================
Worker process is ready to serve import requests
Launched and connected shader compiler UnityShaderCompiler.exe after 0.06 seconds
Refreshing native plugins compatible for Editor in 0.63 ms, found 0 plugins.
Preloading 0 native plugins for Editor in 0.00 ms.
Unloading 1137 Unused Serialized files (Serialized files now loaded: 0)
System memory in use before: 58.0 MB.
System memory in use after: 58.1 MB.

Unloading 13 unused Assets to reduce memory usage. Loaded Objects now: 1579.
Total: 3.476700 ms (FindLiveObjects: 0.390100 ms CreateObjectMapping: 0.253700 ms MarkObjects: 2.698100 ms  DeleteObjects: 0.132300 ms)

========================================================================
Received Import Request.
  path: Assets/YoutubePlayer/Scripts/downloadmp3.cs
  artifactKey: Guid(33542e427541c8843b16e5b4dc6bf543) Importer(815301076,1909f56bfc062723c751e8b465ee728b)
Start importing Assets/YoutubePlayer/Scripts/downloadmp3.cs using Guid(33542e427541c8843b16e5b4dc6bf543) Importer(815301076,1909f56bfc062723c751e8b465ee728b)  -> (artifact id: 'f691bbadbb7cf9a9ddb1e9a5a5c5703b') in 0.049190 seconds
  Import took 0.052129 seconds .

========================================================================
Received Prepare
Registering precompiled user dll's ...
Registered in 0.002164 seconds.
Begin MonoManager ReloadAssembly
Native extension for WindowsStandalone target not found
Refreshing native plugins compatible for Editor in 0.26 ms, found 0 plugins.
Preloading 0 native plugins for Editor in 0.00 ms.
Mono: successfully reloaded assembly
- Completed reload, in  0.779 seconds
Platform modules already initialized, skipping
Refreshing native plugins compatible for Editor in 0.28 ms, found 0 plugins.
Preloading 0 native plugins for Editor in 0.00 ms.
Unloading 1132 Unused Serialized files (Serialized files now loaded: 0)
System memory in use before: 58.0 MB.
System memory in use after: 58.1 MB.

Unloading 8 unused Assets to reduce memory usage. Loaded Objects now: 1582.
Total: 1.690500 ms (FindLiveObjects: 0.152200 ms CreateObjectMapping: 0.030300 ms MarkObjects: 1.453100 ms  DeleteObjects: 0.053400 ms)

========================================================================
Received Import Request.
  Time since last request: 408.144679 seconds.
  path: Packages/com.ibicha.youtube-player/Runtime/YoutubePlayer.cs
  artifactKey: Guid(3768fe280903842fdaa2a016022624f1) Importer(815301076,1909f56bfc062723c751e8b465ee728b)
Start importing Packages/com.ibicha.youtube-player/Runtime/YoutubePlayer.cs using Guid(3768fe280903842fdaa2a016022624f1) Importer(815301076,1909f56bfc062723c751e8b465ee728b)  -> (artifact id: 'ec6fd9498a1f994340e3d39a92fbf065') in 0.008784 seconds
  Import took 0.010983 seconds .

========================================================================
Received Import Request.
  Time since last request: 0.006625 seconds.
  path: Packages/com.ibicha.youtube-player/Runtime/YoutubePlayer.cs
  artifactKey: Guid(3768fe280903842fdaa2a016022624f1) Importer(815301076,1909f56bfc062723c751e8b465ee728b)
Start importing Packages/com.ibicha.youtube-player/Runtime/YoutubePlayer.cs using Guid(3768fe280903842fdaa2a016022624f1) Importer(815301076,1909f56bfc062723c751e8b465ee728b)  -> (artifact id: 'ec6fd9498a1f994340e3d39a92fbf065') in 0.003180 seconds
  Import took 0.005346 seconds .

========================================================================
Received Prepare
Registering precompiled user dll's ...
Registered in 0.002594 seconds.
Begin MonoManager ReloadAssembly
Native extension for WindowsStandalone target not found
Refreshing native plugins compatible for Editor in 0.21 ms, found 0 plugins.
Preloading 0 native plugins for Editor in 0.00 ms.
Mono: successfully reloaded assembly
- Completed reload, in  0.799 seconds
Platform modules already initialized, skipping
Refreshing native plugins compatible for Editor in 0.30 ms, found 0 plugins.
Preloading 0 native plugins for Editor in 0.00 ms.
Unloading 1132 Unused Serialized files (Serialized files now loaded: 0)
System memory in use before: 58.0 MB.
System memory in use after: 58.1 MB.

Unloading 8 unused Assets to reduce memory usage. Loaded Objects now: 1585.
Total: 3.118800 ms (FindLiveObjects: 0.278900 ms CreateObjectMapping: 0.081600 ms MarkObjects: 2.681900 ms  DeleteObjects: 0.074600 ms)

========================================================================
Received Import Request.
  Time since last request: 220.670133 seconds.
  path: Packages/com.ibicha.youtube-player/Runtime/YoutubeDownloader.cs
  artifactKey: Guid(d3acda3bb1d05416680b042c61dd3f8a) Importer(815301076,1909f56bfc062723c751e8b465ee728b)
Start importing Packages/com.ibicha.youtube-player/Runtime/YoutubeDownloader.cs using Guid(d3acda3bb1d05416680b042c61dd3f8a) Importer(815301076,1909f56bfc062723c751e8b465ee728b)  -> (artifact id: 'e173bfd1486fbf65c8cd762b5115b7b5') in 0.009482 seconds
  Import took 0.011531 seconds .

========================================================================
Received Prepare
Registering precompiled user dll's ...
Registered in 0.001989 seconds.
Begin MonoManager ReloadAssembly
Native extension for WindowsStandalone target not found
Refreshing native plugins compatible for Editor in 0.35 ms, found 0 plugins.
Preloading 0 native plugins for Editor in 0.00 ms.
Mono: successfully reloaded assembly
- Completed reload, in  0.768 seconds
Platform modules already initialized, skipping
Refreshing native plugins compatible for Editor in 0.29 ms, found 0 plugins.
Preloading 0 native plugins for Editor in 0.00 ms.
Unloading 1132 Unused Serialized files (Serialized files now loaded: 0)
System memory in use before: 58.0 MB.
System memory in use after: 58.1 MB.

Unloading 8 unused Assets to reduce memory usage. Loaded Objects now: 1588.
Total: 5.313500 ms (FindLiveObjects: 0.390800 ms CreateObjectMapping: 0.136100 ms MarkObjects: 4.637800 ms  DeleteObjects: 0.145300 ms)

========================================================================
Received Prepare
Registering precompiled user dll's ...
Registered in 0.003244 seconds.
Begin MonoManager ReloadAssembly
Native extension for WindowsStandalone target not found
Refreshing native plugins compatible for Editor in 0.27 ms, found 0 plugins.
Preloading 0 native plugins for Editor in 0.00 ms.
Mono: successfully reloaded assembly
- Completed reload, in  1.015 seconds
Platform modules already initialized, skipping
Refreshing native plugins compatible for Editor in 0.29 ms, found 0 plugins.
Preloading 0 native plugins for Editor in 0.00 ms.
Unloading 1132 Unused Serialized files (Serialized files now loaded: 0)
System memory in use before: 58.0 MB.
System memory in use after: 58.1 MB.

Unloading 8 unused Assets to reduce memory usage. Loaded Objects now: 1591.
Total: 2.170000 ms (FindLiveObjects: 0.254800 ms CreateObjectMapping: 0.068300 ms MarkObjects: 1.793700 ms  DeleteObjects: 0.050800 ms)

========================================================================
Received Prepare
Registering precompiled user dll's ...
Registered in 0.002689 seconds.
Begin MonoManager ReloadAssembly
Native extension for WindowsStandalone target not found
Refreshing native plugins compatible for Editor in 0.26 ms, found 0 plugins.
Preloading 0 native plugins for Editor in 0.00 ms.
Mono: successfully reloaded assembly
- Completed reload, in  0.767 seconds
Platform modules already initialized, skipping
Refreshing native plugins compatible for Editor in 0.28 ms, found 0 plugins.
Preloading 0 native plugins for Editor in 0.00 ms.
Unloading 1132 Unused Serialized files (Serialized files now loaded: 0)
System memory in use before: 58.0 MB.
System memory in use after: 58.1 MB.

Unloading 8 unused Assets to reduce memory usage. Loaded Objects now: 1594.
Total: 1.919100 ms (FindLiveObjects: 0.239700 ms CreateObjectMapping: 0.045900 ms MarkObjects: 1.549100 ms  DeleteObjects: 0.082700 ms)

========================================================================
Received Prepare
Registering precompiled user dll's ...
Registered in 0.002717 seconds.
Begin MonoManager ReloadAssembly
Native extension for WindowsStandalone target not found
Refreshing native plugins compatible for Editor in 0.26 ms, found 0 plugins.
Preloading 0 native plugins for Editor in 0.00 ms.
Mono: successfully reloaded assembly
- Completed reload, in  0.778 seconds
Platform modules already initialized, skipping
Refreshing native plugins compatible for Editor in 0.28 ms, found 0 plugins.
Preloading 0 native plugins for Editor in 0.00 ms.
Unloading 1132 Unused Serialized files (Serialized files now loaded: 0)
System memory in use before: 58.1 MB.
System memory in use after: 58.1 MB.

Unloading 8 unused Assets to reduce memory usage. Loaded Objects now: 1597.
Total: 1.843900 ms (FindLiveObjects: 0.166900 ms CreateObjectMapping: 0.045500 ms MarkObjects: 1.576700 ms  DeleteObjects: 0.053800 ms)

========================================================================
Received Prepare
Refreshing native plugins compatible for Editor in 1.68 ms, found 0 plugins.
Preloading 0 native plugins for Editor in 0.00 ms.
Unloading 6 Unused Serialized files (Serialized files now loaded: 0)
System memory in use before: 35.7 MB.
System memory in use after: 35.8 MB.

Unloading 6 unused Assets to reduce memory usage. Loaded Objects now: 1597.
Total: 1.821800 ms (FindLiveObjects: 0.152600 ms CreateObjectMapping: 0.040700 ms MarkObjects: 1.556600 ms  DeleteObjects: 0.070700 ms)

========================================================================
Received Prepare
Refreshing native plugins compatible for Editor in 1.72 ms, found 0 plugins.
Preloading 0 native plugins for Editor in 0.00 ms.
Unloading 6 Unused Serialized files (Serialized files now loaded: 0)
System memory in use before: 35.7 MB.
System memory in use after: 35.8 MB.

Unloading 6 unused Assets to reduce memory usage. Loaded Objects now: 1597.
Total: 2.313800 ms (FindLiveObjects: 0.302000 ms CreateObjectMapping: 0.071900 ms MarkObjects: 1.866500 ms  DeleteObjects: 0.071900 ms)

AssetImportWorkerClient::OnTransportError - code=2 error=End of file
